# stringtie -B -G merged_align.gtf -o /home/akshit/ballgown_minimap_input/brain.out /home/akshit/align.sorted.bam
# StringTie version 2.1.1
SIRV1	StringTie	transcript	997	10791	1000	-	.	gene_id "STRG.1"; transcript_id "STRG.1.1"; reference_id "MSTRG.1.1"; ref_gene_id "MSTRG.1"; cov "60.824520"; FPKM "60271.707031"; TPM "81580.023438";
SIRV1	StringTie	exon	997	1484	1000	-	.	gene_id "STRG.1"; transcript_id "STRG.1.1"; exon_number "1"; reference_id "MSTRG.1.1"; ref_gene_id "MSTRG.1"; cov "51.276974";
SIRV1	StringTie	exon	6338	6473	1000	-	.	gene_id "STRG.1"; transcript_id "STRG.1.1"; exon_number "2"; reference_id "MSTRG.1.1"; ref_gene_id "MSTRG.1"; cov "51.721554";
SIRV1	StringTie	exon	6561	6813	1000	-	.	gene_id "STRG.1"; transcript_id "STRG.1.1"; exon_number "3"; reference_id "MSTRG.1.1"; ref_gene_id "MSTRG.1"; cov "67.231056";
SIRV1	StringTie	exon	7553	7814	1000	-	.	gene_id "STRG.1"; transcript_id "STRG.1.1"; exon_number "4"; reference_id "MSTRG.1.1"; ref_gene_id "MSTRG.1"; cov "70.138969";
SIRV1	StringTie	exon	10283	10366	1000	-	.	gene_id "STRG.1"; transcript_id "STRG.1.1"; exon_number "5"; reference_id "MSTRG.1.1"; ref_gene_id "MSTRG.1"; cov "66.795006";
SIRV1	StringTie	exon	10648	10791	1000	-	.	gene_id "STRG.1"; transcript_id "STRG.1.1"; exon_number "6"; reference_id "MSTRG.1.1"; ref_gene_id "MSTRG.1"; cov "70.091522";
SIRV1	StringTie	transcript	997	10791	1000	-	.	gene_id "STRG.1"; transcript_id "STRG.1.2"; reference_id "MSTRG.1.2"; ref_gene_id "MSTRG.1"; cov "43.892769"; FPKM "43493.843750"; TPM "58870.554688";
SIRV1	StringTie	exon	997	1484	1000	-	.	gene_id "STRG.1"; transcript_id "STRG.1.2"; exon_number "1"; reference_id "MSTRG.1.2"; ref_gene_id "MSTRG.1"; cov "36.796482";
SIRV1	StringTie	exon	6338	6473	1000	-	.	gene_id "STRG.1"; transcript_id "STRG.1.2"; exon_number "2"; reference_id "MSTRG.1.2"; ref_gene_id "MSTRG.1"; cov "37.115517";
SIRV1	StringTie	exon	6561	6813	1000	-	.	gene_id "STRG.1"; transcript_id "STRG.1.2"; exon_number "3"; reference_id "MSTRG.1.2"; ref_gene_id "MSTRG.1"; cov "48.245174";
SIRV1	StringTie	exon	7553	7814	1000	-	.	gene_id "STRG.1"; transcript_id "STRG.1.2"; exon_number "4"; reference_id "MSTRG.1.2"; ref_gene_id "MSTRG.1"; cov "50.331898";
SIRV1	StringTie	exon	10283	10366	1000	-	.	gene_id "STRG.1"; transcript_id "STRG.1.2"; exon_number "5"; reference_id "MSTRG.1.2"; ref_gene_id "MSTRG.1"; cov "47.932270";
SIRV1	StringTie	exon	10445	10791	1000	-	.	gene_id "STRG.1"; transcript_id "STRG.1.2"; exon_number "6"; reference_id "MSTRG.1.2"; ref_gene_id "MSTRG.1"; cov "47.515739";
SIRV1	StringTie	transcript	997	10791	1000	-	.	gene_id "STRG.1"; transcript_id "STRG.1.3"; reference_id "MSTRG.1.3"; ref_gene_id "MSTRG.1"; cov "18.535723"; FPKM "18367.257812"; TPM "24860.775391";
SIRV1	StringTie	exon	997	1484	1000	-	.	gene_id "STRG.1"; transcript_id "STRG.1.3"; exon_number "1"; reference_id "MSTRG.1.3"; ref_gene_id "MSTRG.1"; cov "15.572030";
SIRV1	StringTie	exon	6338	6473	1000	-	.	gene_id "STRG.1"; transcript_id "STRG.1.3"; exon_number "2"; reference_id "MSTRG.1.3"; ref_gene_id "MSTRG.1"; cov "15.707044";
SIRV1	StringTie	exon	6561	6813	1000	-	.	gene_id "STRG.1"; transcript_id "STRG.1.3"; exon_number "3"; reference_id "MSTRG.1.3"; ref_gene_id "MSTRG.1"; cov "20.417042";
SIRV1	StringTie	exon	7553	7814	1000	-	.	gene_id "STRG.1"; transcript_id "STRG.1.3"; exon_number "4"; reference_id "MSTRG.1.3"; ref_gene_id "MSTRG.1"; cov "21.300129";
SIRV1	StringTie	exon	10283	10366	1000	-	.	gene_id "STRG.1"; transcript_id "STRG.1.3"; exon_number "5"; reference_id "MSTRG.1.3"; ref_gene_id "MSTRG.1"; cov "20.284622";
SIRV1	StringTie	exon	10594	10791	1000	-	.	gene_id "STRG.1"; transcript_id "STRG.1.3"; exon_number "6"; reference_id "MSTRG.1.3"; ref_gene_id "MSTRG.1"; cov "20.979300";
SIRV1	StringTie	transcript	10553	11643	1000	+	.	gene_id "STRG.2"; transcript_id "STRG.2.1"; reference_id "MSTRG.2.1"; ref_gene_id "MSTRG.2"; cov "34.299118"; FPKM "33987.386719"; TPM "46003.210938";
SIRV1	StringTie	exon	10553	10791	1000	+	.	gene_id "STRG.2"; transcript_id "STRG.2.1"; exon_number "1"; reference_id "MSTRG.2.1"; ref_gene_id "MSTRG.2"; cov "5.619078";
SIRV1	StringTie	exon	10883	11242	1000	+	.	gene_id "STRG.2"; transcript_id "STRG.2.1"; exon_number "2"; reference_id "MSTRG.2.1"; ref_gene_id "MSTRG.2"; cov "45.933334";
SIRV1	StringTie	exon	11404	11643	1000	+	.	gene_id "STRG.2"; transcript_id "STRG.2.1"; exon_number "3"; reference_id "MSTRG.2.1"; ref_gene_id "MSTRG.2"; cov "45.408333";
SIRV2	StringTie	transcript	1003	5922	1000	-	.	gene_id "STRG.3"; transcript_id "STRG.3.1"; reference_id "MSTRG.3.1"; ref_gene_id "MSTRG.3"; cov "37.965363"; FPKM "37620.308594"; TPM "50920.507812";
SIRV2	StringTie	exon	1003	1661	1000	-	.	gene_id "STRG.3"; transcript_id "STRG.3.1"; exon_number "1"; reference_id "MSTRG.3.1"; ref_gene_id "MSTRG.3"; cov "36.622780";
SIRV2	StringTie	exon	1742	1853	1000	-	.	gene_id "STRG.3"; transcript_id "STRG.3.1"; exon_number "2"; reference_id "MSTRG.3.1"; ref_gene_id "MSTRG.3"; cov "38.136547";
SIRV2	StringTie	exon	1974	2064	1000	-	.	gene_id "STRG.3"; transcript_id "STRG.3.1"; exon_number "3"; reference_id "MSTRG.3.1"; ref_gene_id "MSTRG.3"; cov "36.608742";
SIRV2	StringTie	exon	2675	2802	1000	-	.	gene_id "STRG.3"; transcript_id "STRG.3.1"; exon_number "4"; reference_id "MSTRG.3.1"; ref_gene_id "MSTRG.3"; cov "42.745403";
SIRV2	StringTie	exon	2882	3010	1000	-	.	gene_id "STRG.3"; transcript_id "STRG.3.1"; exon_number "5"; reference_id "MSTRG.3.1"; ref_gene_id "MSTRG.3"; cov "39.150867";
SIRV2	StringTie	exon	3106	3325	1000	-	.	gene_id "STRG.3"; transcript_id "STRG.3.1"; exon_number "6"; reference_id "MSTRG.3.1"; ref_gene_id "MSTRG.3"; cov "35.899380";
SIRV2	StringTie	exon	3666	3825	1000	-	.	gene_id "STRG.3"; transcript_id "STRG.3.1"; exon_number "7"; reference_id "MSTRG.3.1"; ref_gene_id "MSTRG.3"; cov "40.550102";
SIRV2	StringTie	exon	3967	4094	1000	-	.	gene_id "STRG.3"; transcript_id "STRG.3.1"; exon_number "8"; reference_id "MSTRG.3.1"; ref_gene_id "MSTRG.3"; cov "41.508934";
SIRV2	StringTie	exon	4339	4479	1000	-	.	gene_id "STRG.3"; transcript_id "STRG.3.1"; exon_number "9"; reference_id "MSTRG.3.1"; ref_gene_id "MSTRG.3"; cov "41.372929";
SIRV2	StringTie	exon	4688	4800	1000	-	.	gene_id "STRG.3"; transcript_id "STRG.3.1"; exon_number "10"; reference_id "MSTRG.3.1"; ref_gene_id "MSTRG.3"; cov "38.675510";
SIRV2	StringTie	exon	5789	5922	1000	-	.	gene_id "STRG.3"; transcript_id "STRG.3.1"; exon_number "11"; reference_id "MSTRG.3.1"; ref_gene_id "MSTRG.3"; cov "32.375301";
SIRV2	StringTie	transcript	1003	5922	1000	-	.	gene_id "STRG.3"; transcript_id "STRG.3.2"; cov "1.135560"; FPKM "1125.239380"; TPM "1523.053833";
SIRV2	StringTie	exon	1003	1661	1000	-	.	gene_id "STRG.3"; transcript_id "STRG.3.2"; exon_number "1"; cov "1.094976";
SIRV2	StringTie	exon	1742	1853	1000	-	.	gene_id "STRG.3"; transcript_id "STRG.3.2"; exon_number "2"; cov "1.140236";
SIRV2	StringTie	exon	1974	2064	1000	-	.	gene_id "STRG.3"; transcript_id "STRG.3.2"; exon_number "3"; cov "1.094556";
SIRV2	StringTie	exon	2675	2802	1000	-	.	gene_id "STRG.3"; transcript_id "STRG.3.2"; exon_number "4"; cov "1.278035";
SIRV2	StringTie	exon	2882	3000	1000	-	.	gene_id "STRG.3"; transcript_id "STRG.3.2"; exon_number "5"; cov "1.180992";
SIRV2	StringTie	exon	3106	3325	1000	-	.	gene_id "STRG.3"; transcript_id "STRG.3.2"; exon_number "6"; cov "1.073347";
SIRV2	StringTie	exon	3666	3825	1000	-	.	gene_id "STRG.3"; transcript_id "STRG.3.2"; exon_number "7"; cov "1.212398";
SIRV2	StringTie	exon	3967	4094	1000	-	.	gene_id "STRG.3"; transcript_id "STRG.3.2"; exon_number "8"; cov "1.241066";
SIRV2	StringTie	exon	4339	4479	1000	-	.	gene_id "STRG.3"; transcript_id "STRG.3.2"; exon_number "9"; cov "1.237000";
SIRV2	StringTie	exon	4688	4800	1000	-	.	gene_id "STRG.3"; transcript_id "STRG.3.2"; exon_number "10"; cov "1.156350";
SIRV2	StringTie	exon	5789	5922	1000	-	.	gene_id "STRG.3"; transcript_id "STRG.3.2"; exon_number "11"; cov "0.967982";
SIRV3	StringTie	transcript	999	1982	1000	-	.	gene_id "STRG.4"; transcript_id "STRG.4.1"; reference_id "MSTRG.4.1"; ref_gene_id "MSTRG.4"; cov "42.853806"; FPKM "42464.324219"; TPM "57477.058594";
SIRV3	StringTie	exon	999	1167	1000	-	.	gene_id "STRG.4"; transcript_id "STRG.4.1"; exon_number "1"; reference_id "MSTRG.4.1"; ref_gene_id "MSTRG.4"; cov "45.579880";
SIRV3	StringTie	exon	1533	1764	1000	-	.	gene_id "STRG.4"; transcript_id "STRG.4.1"; exon_number "2"; reference_id "MSTRG.4.1"; ref_gene_id "MSTRG.4"; cov "46.577587";
SIRV3	StringTie	exon	1903	1982	1000	-	.	gene_id "STRG.4"; transcript_id "STRG.4.1"; exon_number "3"; reference_id "MSTRG.4.1"; ref_gene_id "MSTRG.4"; cov "26.296001";
SIRV3	StringTie	transcript	1943	8940	1000	+	.	gene_id "STRG.5"; transcript_id "STRG.5.1"; reference_id "MSTRG.5.1"; ref_gene_id "MSTRG.5"; cov "94.092842"; FPKM "93237.671875"; TPM "126200.687500";
SIRV3	StringTie	exon	1943	2005	1000	+	.	gene_id "STRG.5"; transcript_id "STRG.5.1"; exon_number "1"; reference_id "MSTRG.5.1"; ref_gene_id "MSTRG.5"; cov "111.211426";
SIRV3	StringTie	exon	4569	4779	1000	+	.	gene_id "STRG.5"; transcript_id "STRG.5.1"; exon_number "2"; reference_id "MSTRG.5.1"; ref_gene_id "MSTRG.5"; cov "108.715637";
SIRV3	StringTie	exon	6058	7988	1000	+	.	gene_id "STRG.5"; transcript_id "STRG.5.1"; exon_number "3"; reference_id "MSTRG.5.1"; ref_gene_id "MSTRG.5"; cov "94.118591";
SIRV3	StringTie	exon	8128	8207	1000	+	.	gene_id "STRG.5"; transcript_id "STRG.5.1"; exon_number "4"; reference_id "MSTRG.5.1"; ref_gene_id "MSTRG.5"; cov "80.987503";
SIRV3	StringTie	exon	8756	8940	1000	+	.	gene_id "STRG.5"; transcript_id "STRG.5.1"; exon_number "5"; reference_id "MSTRG.5.1"; ref_gene_id "MSTRG.5"; cov "76.983788";
SIRV4	StringTie	transcript	1455	2772	1000	+	.	gene_id "STRG.6"; transcript_id "STRG.6.1"; reference_id "MSTRG.6.1"; ref_gene_id "MSTRG.6"; cov "46.590736"; FPKM "46167.292969"; TPM "62489.164062";
SIRV4	StringTie	exon	1455	1885	1000	+	.	gene_id "STRG.6"; transcript_id "STRG.6.1"; exon_number "1"; reference_id "MSTRG.6.1"; ref_gene_id "MSTRG.6"; cov "46.249256";
SIRV4	StringTie	exon	2252	2772	1000	+	.	gene_id "STRG.6"; transcript_id "STRG.6.1"; exon_number "2"; reference_id "MSTRG.6.1"; ref_gene_id "MSTRG.6"; cov "46.873226";
SIRV4	StringTie	transcript	1455	2772	1000	-	.	gene_id "STRG.7"; transcript_id "STRG.7.1"; reference_id "MSTRG.7.1"; ref_gene_id "MSTRG.7"; cov "0.943174"; FPKM "934.601868"; TPM "1265.018799";
SIRV4	StringTie	exon	1455	1881	1000	-	.	gene_id "STRG.7"; transcript_id "STRG.7.1"; exon_number "1"; reference_id "MSTRG.7.1"; ref_gene_id "MSTRG.7"; cov "0.907654";
SIRV4	StringTie	exon	2243	2772	1000	-	.	gene_id "STRG.7"; transcript_id "STRG.7.1"; exon_number "2"; reference_id "MSTRG.7.1"; ref_gene_id "MSTRG.7"; cov "0.971791";
SIRV4	StringTie	transcript	3634	5158	1000	-	.	gene_id "STRG.8"; transcript_id "STRG.8.1"; reference_id "MSTRG.8.1"; ref_gene_id "MSTRG.8"; cov "41.988728"; FPKM "41607.105469"; TPM "56316.789062";
SIRV4	StringTie	exon	3634	4103	1000	-	.	gene_id "STRG.8"; transcript_id "STRG.8.1"; exon_number "1"; reference_id "MSTRG.8.1"; ref_gene_id "MSTRG.8"; cov "42.248936";
SIRV4	StringTie	exon	5008	5158	1000	-	.	gene_id "STRG.8"; transcript_id "STRG.8.1"; exon_number "2"; reference_id "MSTRG.8.1"; ref_gene_id "MSTRG.8"; cov "41.178806";
SIRV4	StringTie	transcript	8323	14624	1000	-	.	gene_id "STRG.9"; transcript_id "STRG.9.1"; reference_id "MSTRG.9.1"; ref_gene_id "MSTRG.9"; cov "13.713322"; FPKM "13588.686523"; TPM "18392.798828";
SIRV4	StringTie	exon	8323	8372	1000	-	.	gene_id "STRG.9"; transcript_id "STRG.9.1"; exon_number "1"; reference_id "MSTRG.9.1"; ref_gene_id "MSTRG.9"; cov "13.420000";
SIRV4	StringTie	exon	8630	8990	1000	-	.	gene_id "STRG.9"; transcript_id "STRG.9.1"; exon_number "2"; reference_id "MSTRG.9.1"; ref_gene_id "MSTRG.9"; cov "13.977839";
SIRV4	StringTie	exon	13673	13822	1000	-	.	gene_id "STRG.9"; transcript_id "STRG.9.1"; exon_number "3"; reference_id "MSTRG.9.1"; ref_gene_id "MSTRG.9"; cov "13.806666";
SIRV4	StringTie	exon	14593	14624	1000	-	.	gene_id "STRG.9"; transcript_id "STRG.9.1"; exon_number "4"; reference_id "MSTRG.9.1"; ref_gene_id "MSTRG.9"; cov "10.750000";
SIRV5	StringTie	transcript	992	10991	1000	+	.	gene_id "STRG.10"; transcript_id "STRG.10.1"; reference_id "MSTRG.10.1"; ref_gene_id "MSTRG.10"; cov "59.449306"; FPKM "58908.992188"; TPM "79735.546875";
SIRV5	StringTie	exon	992	1149	1000	+	.	gene_id "STRG.10"; transcript_id "STRG.10.1"; exon_number "1"; reference_id "MSTRG.10.1"; ref_gene_id "MSTRG.10"; cov "47.455547";
SIRV5	StringTie	exon	1986	2033	1000	+	.	gene_id "STRG.10"; transcript_id "STRG.10.1"; exon_number "2"; reference_id "MSTRG.10.1"; ref_gene_id "MSTRG.10"; cov "52.645557";
SIRV5	StringTie	exon	2120	2156	1000	+	.	gene_id "STRG.10"; transcript_id "STRG.10.1"; exon_number "3"; reference_id "MSTRG.10.1"; ref_gene_id "MSTRG.10"; cov "52.115124";
SIRV5	StringTie	exon	2271	2315	1000	+	.	gene_id "STRG.10"; transcript_id "STRG.10.1"; exon_number "4"; reference_id "MSTRG.10.1"; ref_gene_id "MSTRG.10"; cov "51.930630";
SIRV5	StringTie	exon	3299	3404	1000	+	.	gene_id "STRG.10"; transcript_id "STRG.10.1"; exon_number "5"; reference_id "MSTRG.10.1"; ref_gene_id "MSTRG.10"; cov "52.911381";
SIRV5	StringTie	exon	3484	3643	1000	+	.	gene_id "STRG.10"; transcript_id "STRG.10.1"; exon_number "6"; reference_id "MSTRG.10.1"; ref_gene_id "MSTRG.10"; cov "53.249184";
SIRV5	StringTie	exon	5381	5450	1000	+	.	gene_id "STRG.10"; transcript_id "STRG.10.1"; exon_number "7"; reference_id "MSTRG.10.1"; ref_gene_id "MSTRG.10"; cov "58.372784";
SIRV5	StringTie	exon	5544	5626	1000	+	.	gene_id "STRG.10"; transcript_id "STRG.10.1"; exon_number "8"; reference_id "MSTRG.10.1"; ref_gene_id "MSTRG.10"; cov "58.875813";
SIRV5	StringTie	exon	6112	6169	1000	+	.	gene_id "STRG.10"; transcript_id "STRG.10.1"; exon_number "9"; reference_id "MSTRG.10.1"; ref_gene_id "MSTRG.10"; cov "59.707340";
SIRV5	StringTie	exon	6328	6452	1000	+	.	gene_id "STRG.10"; transcript_id "STRG.10.1"; exon_number "10"; reference_id "MSTRG.10.1"; ref_gene_id "MSTRG.10"; cov "60.341820";
SIRV5	StringTie	exon	6659	6722	1000	+	.	gene_id "STRG.10"; transcript_id "STRG.10.1"; exon_number "11"; reference_id "MSTRG.10.1"; ref_gene_id "MSTRG.10"; cov "59.572998";
SIRV5	StringTie	exon	6827	6957	1000	+	.	gene_id "STRG.10"; transcript_id "STRG.10.1"; exon_number "12"; reference_id "MSTRG.10.1"; ref_gene_id "MSTRG.10"; cov "59.473812";
SIRV5	StringTie	exon	7145	7307	1000	+	.	gene_id "STRG.10"; transcript_id "STRG.10.1"; exon_number "13"; reference_id "MSTRG.10.1"; ref_gene_id "MSTRG.10"; cov "60.396873";
SIRV5	StringTie	exon	7682	7762	1000	+	.	gene_id "STRG.10"; transcript_id "STRG.10.1"; exon_number "14"; reference_id "MSTRG.10.1"; ref_gene_id "MSTRG.10"; cov "60.535954";
SIRV5	StringTie	exon	7871	8381	1000	+	.	gene_id "STRG.10"; transcript_id "STRG.10.1"; exon_number "15"; reference_id "MSTRG.10.1"; ref_gene_id "MSTRG.10"; cov "65.506111";
SIRV5	StringTie	exon	8455	8585	1000	+	.	gene_id "STRG.10"; transcript_id "STRG.10.1"; exon_number "16"; reference_id "MSTRG.10.1"; ref_gene_id "MSTRG.10"; cov "65.198586";
SIRV5	StringTie	exon	10859	10991	1000	+	.	gene_id "STRG.10"; transcript_id "STRG.10.1"; exon_number "17"; reference_id "MSTRG.10.1"; ref_gene_id "MSTRG.10"; cov "62.539497";
SIRV5	StringTie	transcript	992	10991	1000	+	.	gene_id "STRG.10"; transcript_id "STRG.10.2"; reference_id "MSTRG.10.2"; ref_gene_id "MSTRG.10"; cov "45.406357"; FPKM "44993.671875"; TPM "60900.632812";
SIRV5	StringTie	exon	992	1149	1000	+	.	gene_id "STRG.10"; transcript_id "STRG.10.2"; exon_number "1"; reference_id "MSTRG.10.2"; ref_gene_id "MSTRG.10"; cov "36.248096";
SIRV5	StringTie	exon	1986	2033	1000	+	.	gene_id "STRG.10"; transcript_id "STRG.10.2"; exon_number "2"; reference_id "MSTRG.10.2"; ref_gene_id "MSTRG.10"; cov "40.212395";
SIRV5	StringTie	exon	2120	2156	1000	+	.	gene_id "STRG.10"; transcript_id "STRG.10.2"; exon_number "3"; reference_id "MSTRG.10.2"; ref_gene_id "MSTRG.10"; cov "39.807236";
SIRV5	StringTie	exon	2271	2315	1000	+	.	gene_id "STRG.10"; transcript_id "STRG.10.2"; exon_number "4"; reference_id "MSTRG.10.2"; ref_gene_id "MSTRG.10"; cov "39.666309";
SIRV5	StringTie	exon	3299	3404	1000	+	.	gene_id "STRG.10"; transcript_id "STRG.10.2"; exon_number "5"; reference_id "MSTRG.10.2"; ref_gene_id "MSTRG.10"; cov "40.415440";
SIRV5	StringTie	exon	3484	3643	1000	+	.	gene_id "STRG.10"; transcript_id "STRG.10.2"; exon_number "6"; reference_id "MSTRG.10.2"; ref_gene_id "MSTRG.10"; cov "40.673462";
SIRV5	StringTie	exon	5381	5450	1000	+	.	gene_id "STRG.10"; transcript_id "STRG.10.2"; exon_number "7"; reference_id "MSTRG.10.2"; ref_gene_id "MSTRG.10"; cov "44.587036";
SIRV5	StringTie	exon	5544	5626	1000	+	.	gene_id "STRG.10"; transcript_id "STRG.10.2"; exon_number "8"; reference_id "MSTRG.10.2"; ref_gene_id "MSTRG.10"; cov "44.971264";
SIRV5	StringTie	exon	6112	6169	1000	+	.	gene_id "STRG.10"; transcript_id "STRG.10.2"; exon_number "9"; reference_id "MSTRG.10.2"; ref_gene_id "MSTRG.10"; cov "45.606415";
SIRV5	StringTie	exon	6328	6452	1000	+	.	gene_id "STRG.10"; transcript_id "STRG.10.2"; exon_number "10"; reference_id "MSTRG.10.2"; ref_gene_id "MSTRG.10"; cov "46.091045";
SIRV5	StringTie	exon	6827	6957	1000	+	.	gene_id "STRG.10"; transcript_id "STRG.10.2"; exon_number "11"; reference_id "MSTRG.10.2"; ref_gene_id "MSTRG.10"; cov "45.428040";
SIRV5	StringTie	exon	7145	7307	1000	+	.	gene_id "STRG.10"; transcript_id "STRG.10.2"; exon_number "12"; reference_id "MSTRG.10.2"; ref_gene_id "MSTRG.10"; cov "46.133102";
SIRV5	StringTie	exon	7682	7762	1000	+	.	gene_id "STRG.10"; transcript_id "STRG.10.2"; exon_number "13"; reference_id "MSTRG.10.2"; ref_gene_id "MSTRG.10"; cov "46.239338";
SIRV5	StringTie	exon	7871	8381	1000	+	.	gene_id "STRG.10"; transcript_id "STRG.10.2"; exon_number "14"; reference_id "MSTRG.10.2"; ref_gene_id "MSTRG.10"; cov "50.035698";
SIRV5	StringTie	exon	8455	8585	1000	+	.	gene_id "STRG.10"; transcript_id "STRG.10.2"; exon_number "15"; reference_id "MSTRG.10.2"; ref_gene_id "MSTRG.10"; cov "49.800808";
SIRV5	StringTie	exon	10859	10991	1000	+	.	gene_id "STRG.10"; transcript_id "STRG.10.2"; exon_number "16"; reference_id "MSTRG.10.2"; ref_gene_id "MSTRG.10"; cov "47.769707";
SIRV5	StringTie	transcript	992	10991	1000	+	.	gene_id "STRG.10"; transcript_id "STRG.10.3"; cov "9.103732"; FPKM "9020.991211"; TPM "12210.251953";
SIRV5	StringTie	exon	992	1149	1000	+	.	gene_id "STRG.10"; transcript_id "STRG.10.3"; exon_number "1"; cov "7.234658";
SIRV5	StringTie	exon	1986	2047	1000	+	.	gene_id "STRG.10"; transcript_id "STRG.10.3"; exon_number "2"; cov "8.955923";
SIRV5	StringTie	exon	2271	2315	1000	+	.	gene_id "STRG.10"; transcript_id "STRG.10.3"; exon_number "3"; cov "7.916889";
SIRV5	StringTie	exon	3299	3404	1000	+	.	gene_id "STRG.10"; transcript_id "STRG.10.3"; exon_number "4"; cov "8.066406";
SIRV5	StringTie	exon	3484	3643	1000	+	.	gene_id "STRG.10"; transcript_id "STRG.10.3"; exon_number "5"; cov "8.117904";
SIRV5	StringTie	exon	5381	5450	1000	+	.	gene_id "STRG.10"; transcript_id "STRG.10.3"; exon_number "6"; cov "8.899003";
SIRV5	StringTie	exon	5544	5626	1000	+	.	gene_id "STRG.10"; transcript_id "STRG.10.3"; exon_number "7"; cov "8.975690";
SIRV5	StringTie	exon	6112	6169	1000	+	.	gene_id "STRG.10"; transcript_id "STRG.10.3"; exon_number "8"; cov "9.102458";
SIRV5	StringTie	exon	6328	6452	1000	+	.	gene_id "STRG.10"; transcript_id "STRG.10.3"; exon_number "9"; cov "9.199185";
SIRV5	StringTie	exon	6659	6722	1000	+	.	gene_id "STRG.10"; transcript_id "STRG.10.3"; exon_number "10"; cov "9.081978";
SIRV5	StringTie	exon	6827	6957	1000	+	.	gene_id "STRG.10"; transcript_id "STRG.10.3"; exon_number "11"; cov "9.066857";
SIRV5	StringTie	exon	7145	7307	1000	+	.	gene_id "STRG.10"; transcript_id "STRG.10.3"; exon_number "12"; cov "9.207579";
SIRV5	StringTie	exon	7682	7762	1000	+	.	gene_id "STRG.10"; transcript_id "STRG.10.3"; exon_number "13"; cov "9.228782";
SIRV5	StringTie	exon	7871	8381	1000	+	.	gene_id "STRG.10"; transcript_id "STRG.10.3"; exon_number "14"; cov "9.986487";
SIRV5	StringTie	exon	8455	8585	1000	+	.	gene_id "STRG.10"; transcript_id "STRG.10.3"; exon_number "15"; cov "9.939607";
SIRV5	StringTie	exon	10859	10991	1000	+	.	gene_id "STRG.10"; transcript_id "STRG.10.3"; exon_number "16"; cov "9.534225";
SIRV5	StringTie	transcript	992	10991	1000	+	.	gene_id "STRG.10"; transcript_id "STRG.10.4"; reference_id "MSTRG.10.4"; ref_gene_id "MSTRG.10"; cov "3.161464"; FPKM "3132.730713"; TPM "4240.269043";
SIRV5	StringTie	exon	992	1149	1000	+	.	gene_id "STRG.10"; transcript_id "STRG.10.4"; exon_number "1"; reference_id "MSTRG.10.4"; ref_gene_id "MSTRG.10"; cov "2.502822";
SIRV5	StringTie	exon	2070	2156	1000	+	.	gene_id "STRG.10"; transcript_id "STRG.10.4"; exon_number "2"; reference_id "MSTRG.10.4"; ref_gene_id "MSTRG.10"; cov "3.404373";
SIRV5	StringTie	exon	2271	2315	1000	+	.	gene_id "STRG.10"; transcript_id "STRG.10.4"; exon_number "3"; reference_id "MSTRG.10.4"; ref_gene_id "MSTRG.10"; cov "2.738840";
SIRV5	StringTie	exon	3299	3404	1000	+	.	gene_id "STRG.10"; transcript_id "STRG.10.4"; exon_number "4"; reference_id "MSTRG.10.4"; ref_gene_id "MSTRG.10"; cov "2.790565";
SIRV5	StringTie	exon	3484	3643	1000	+	.	gene_id "STRG.10"; transcript_id "STRG.10.4"; exon_number "5"; reference_id "MSTRG.10.4"; ref_gene_id "MSTRG.10"; cov "2.808381";
SIRV5	StringTie	exon	5381	5450	1000	+	.	gene_id "STRG.10"; transcript_id "STRG.10.4"; exon_number "6"; reference_id "MSTRG.10.4"; ref_gene_id "MSTRG.10"; cov "3.078601";
SIRV5	StringTie	exon	5544	5626	1000	+	.	gene_id "STRG.10"; transcript_id "STRG.10.4"; exon_number "7"; reference_id "MSTRG.10.4"; ref_gene_id "MSTRG.10"; cov "3.105131";
SIRV5	StringTie	exon	6112	6169	1000	+	.	gene_id "STRG.10"; transcript_id "STRG.10.4"; exon_number "8"; reference_id "MSTRG.10.4"; ref_gene_id "MSTRG.10"; cov "3.148986";
SIRV5	StringTie	exon	6328	6452	1000	+	.	gene_id "STRG.10"; transcript_id "STRG.10.4"; exon_number "9"; reference_id "MSTRG.10.4"; ref_gene_id "MSTRG.10"; cov "3.182449";
SIRV5	StringTie	exon	6659	6722	1000	+	.	gene_id "STRG.10"; transcript_id "STRG.10.4"; exon_number "10"; reference_id "MSTRG.10.4"; ref_gene_id "MSTRG.10"; cov "3.141901";
SIRV5	StringTie	exon	6827	6957	1000	+	.	gene_id "STRG.10"; transcript_id "STRG.10.4"; exon_number "11"; reference_id "MSTRG.10.4"; ref_gene_id "MSTRG.10"; cov "3.136670";
SIRV5	StringTie	exon	7145	7307	1000	+	.	gene_id "STRG.10"; transcript_id "STRG.10.4"; exon_number "12"; reference_id "MSTRG.10.4"; ref_gene_id "MSTRG.10"; cov "3.185353";
SIRV5	StringTie	exon	7682	7762	1000	+	.	gene_id "STRG.10"; transcript_id "STRG.10.4"; exon_number "13"; reference_id "MSTRG.10.4"; ref_gene_id "MSTRG.10"; cov "3.192688";
SIRV5	StringTie	exon	7871	8381	1000	+	.	gene_id "STRG.10"; transcript_id "STRG.10.4"; exon_number "14"; reference_id "MSTRG.10.4"; ref_gene_id "MSTRG.10"; cov "3.454815";
SIRV5	StringTie	exon	8455	8585	1000	+	.	gene_id "STRG.10"; transcript_id "STRG.10.4"; exon_number "15"; reference_id "MSTRG.10.4"; ref_gene_id "MSTRG.10"; cov "3.438596";
SIRV5	StringTie	exon	10859	10991	1000	+	.	gene_id "STRG.10"; transcript_id "STRG.10.4"; exon_number "16"; reference_id "MSTRG.10.4"; ref_gene_id "MSTRG.10"; cov "3.298355";
SIRV5	StringTie	transcript	992	10991	1000	+	.	gene_id "STRG.10"; transcript_id "STRG.10.5"; cov "2.140568"; FPKM "2121.113281"; TPM "2871.006592";
SIRV5	StringTie	exon	992	1149	1000	+	.	gene_id "STRG.10"; transcript_id "STRG.10.5"; exon_number "1"; cov "1.700962";
SIRV5	StringTie	exon	1986	2047	1000	+	.	gene_id "STRG.10"; transcript_id "STRG.10.5"; exon_number "2"; cov "2.105654";
SIRV5	StringTie	exon	2271	2315	1000	+	.	gene_id "STRG.10"; transcript_id "STRG.10.5"; exon_number "3"; cov "1.861364";
SIRV5	StringTie	exon	3299	3404	1000	+	.	gene_id "STRG.10"; transcript_id "STRG.10.5"; exon_number "4"; cov "1.896517";
SIRV5	StringTie	exon	3484	3643	1000	+	.	gene_id "STRG.10"; transcript_id "STRG.10.5"; exon_number "5"; cov "1.908625";
SIRV5	StringTie	exon	5381	5450	1000	+	.	gene_id "STRG.10"; transcript_id "STRG.10.5"; exon_number "6"; cov "2.092272";
SIRV5	StringTie	exon	5544	5626	1000	+	.	gene_id "STRG.10"; transcript_id "STRG.10.5"; exon_number "7"; cov "2.110302";
SIRV5	StringTie	exon	6112	6169	1000	+	.	gene_id "STRG.10"; transcript_id "STRG.10.5"; exon_number "8"; cov "2.140107";
SIRV5	StringTie	exon	6328	6452	1000	+	.	gene_id "STRG.10"; transcript_id "STRG.10.5"; exon_number "9"; cov "2.162849";
SIRV5	StringTie	exon	6827	6957	1000	+	.	gene_id "STRG.10"; transcript_id "STRG.10.5"; exon_number "10"; cov "2.131736";
SIRV5	StringTie	exon	7145	7307	1000	+	.	gene_id "STRG.10"; transcript_id "STRG.10.5"; exon_number "11"; cov "2.164822";
SIRV5	StringTie	exon	7682	7762	1000	+	.	gene_id "STRG.10"; transcript_id "STRG.10.5"; exon_number "12"; cov "2.169807";
SIRV5	StringTie	exon	7871	8381	1000	+	.	gene_id "STRG.10"; transcript_id "STRG.10.5"; exon_number "13"; cov "2.347953";
SIRV5	StringTie	exon	8455	8585	1000	+	.	gene_id "STRG.10"; transcript_id "STRG.10.5"; exon_number "14"; cov "2.336931";
SIRV5	StringTie	exon	10859	10991	1000	+	.	gene_id "STRG.10"; transcript_id "STRG.10.5"; exon_number "15"; cov "2.241621";
SIRV5	StringTie	transcript	992	10991	1000	+	.	gene_id "STRG.10"; transcript_id "STRG.10.6"; reference_id "MSTRG.10.3"; ref_gene_id "MSTRG.10"; cov "1.715580"; FPKM "1699.987793"; TPM "2300.997314";
SIRV5	StringTie	exon	992	1149	1000	+	.	gene_id "STRG.10"; transcript_id "STRG.10.6"; exon_number "1"; reference_id "MSTRG.10.3"; ref_gene_id "MSTRG.10"; cov "1.357902";
SIRV5	StringTie	exon	2070	2156	1000	+	.	gene_id "STRG.10"; transcript_id "STRG.10.6"; exon_number "2"; reference_id "MSTRG.10.3"; ref_gene_id "MSTRG.10"; cov "1.847037";
SIRV5	StringTie	exon	2271	2315	1000	+	.	gene_id "STRG.10"; transcript_id "STRG.10.6"; exon_number "3"; reference_id "MSTRG.10.3"; ref_gene_id "MSTRG.10"; cov "1.485953";
SIRV5	StringTie	exon	3299	3404	1000	+	.	gene_id "STRG.10"; transcript_id "STRG.10.6"; exon_number "4"; reference_id "MSTRG.10.3"; ref_gene_id "MSTRG.10"; cov "1.514016";
SIRV5	StringTie	exon	3484	3643	1000	+	.	gene_id "STRG.10"; transcript_id "STRG.10.6"; exon_number "5"; reference_id "MSTRG.10.3"; ref_gene_id "MSTRG.10"; cov "1.523682";
SIRV5	StringTie	exon	5381	5450	1000	+	.	gene_id "STRG.10"; transcript_id "STRG.10.6"; exon_number "6"; reference_id "MSTRG.10.3"; ref_gene_id "MSTRG.10"; cov "1.670290";
SIRV5	StringTie	exon	5544	5626	1000	+	.	gene_id "STRG.10"; transcript_id "STRG.10.6"; exon_number "7"; reference_id "MSTRG.10.3"; ref_gene_id "MSTRG.10"; cov "1.684683";
SIRV5	StringTie	exon	6112	6169	1000	+	.	gene_id "STRG.10"; transcript_id "STRG.10.6"; exon_number "8"; reference_id "MSTRG.10.3"; ref_gene_id "MSTRG.10"; cov "1.708477";
SIRV5	StringTie	exon	6328	6452	1000	+	.	gene_id "STRG.10"; transcript_id "STRG.10.6"; exon_number "9"; reference_id "MSTRG.10.3"; ref_gene_id "MSTRG.10"; cov "1.726632";
SIRV5	StringTie	exon	6827	6957	1000	+	.	gene_id "STRG.10"; transcript_id "STRG.10.6"; exon_number "10"; reference_id "MSTRG.10.3"; ref_gene_id "MSTRG.10"; cov "1.701795";
SIRV5	StringTie	exon	7145	7307	1000	+	.	gene_id "STRG.10"; transcript_id "STRG.10.6"; exon_number "11"; reference_id "MSTRG.10.3"; ref_gene_id "MSTRG.10"; cov "1.728207";
SIRV5	StringTie	exon	7682	7762	1000	+	.	gene_id "STRG.10"; transcript_id "STRG.10.6"; exon_number "12"; reference_id "MSTRG.10.3"; ref_gene_id "MSTRG.10"; cov "1.732187";
SIRV5	StringTie	exon	7871	8381	1000	+	.	gene_id "STRG.10"; transcript_id "STRG.10.6"; exon_number "13"; reference_id "MSTRG.10.3"; ref_gene_id "MSTRG.10"; cov "1.874404";
SIRV5	StringTie	exon	8455	8585	1000	+	.	gene_id "STRG.10"; transcript_id "STRG.10.6"; exon_number "14"; reference_id "MSTRG.10.3"; ref_gene_id "MSTRG.10"; cov "1.865605";
SIRV5	StringTie	exon	10859	10991	1000	+	.	gene_id "STRG.10"; transcript_id "STRG.10.6"; exon_number "15"; reference_id "MSTRG.10.3"; ref_gene_id "MSTRG.10"; cov "1.789517";
SIRV6	StringTie	transcript	1125	11331	1000	+	.	gene_id "STRG.11"; transcript_id "STRG.11.1"; reference_id "MSTRG.11.1"; ref_gene_id "MSTRG.11"; cov "97.730843"; FPKM "96842.601562"; TPM "131080.109375";
SIRV6	StringTie	exon	1125	1186	1000	+	.	gene_id "STRG.11"; transcript_id "STRG.11.1"; exon_number "1"; reference_id "MSTRG.11.1"; ref_gene_id "MSTRG.11"; cov "101.430870";
SIRV6	StringTie	exon	1469	1534	1000	+	.	gene_id "STRG.11"; transcript_id "STRG.11.1"; exon_number "2"; reference_id "MSTRG.11.1"; ref_gene_id "MSTRG.11"; cov "116.615868";
SIRV6	StringTie	exon	1641	1735	1000	+	.	gene_id "STRG.11"; transcript_id "STRG.11.1"; exon_number "3"; reference_id "MSTRG.11.1"; ref_gene_id "MSTRG.11"; cov "118.391975";
SIRV6	StringTie	exon	2781	2828	1000	+	.	gene_id "STRG.11"; transcript_id "STRG.11.1"; exon_number "4"; reference_id "MSTRG.11.1"; ref_gene_id "MSTRG.11"; cov "107.178284";
SIRV6	StringTie	exon	3107	3164	1000	+	.	gene_id "STRG.11"; transcript_id "STRG.11.1"; exon_number "5"; reference_id "MSTRG.11.1"; ref_gene_id "MSTRG.11"; cov "111.806610";
SIRV6	StringTie	exon	10725	10818	1000	+	.	gene_id "STRG.11"; transcript_id "STRG.11.1"; exon_number "6"; reference_id "MSTRG.11.1"; ref_gene_id "MSTRG.11"; cov "106.486855";
SIRV6	StringTie	exon	11032	11108	1000	+	.	gene_id "STRG.11"; transcript_id "STRG.11.1"; exon_number "7"; reference_id "MSTRG.11.1"; ref_gene_id "MSTRG.11"; cov "92.566742";
SIRV6	StringTie	exon	11206	11331	1000	+	.	gene_id "STRG.11"; transcript_id "STRG.11.1"; exon_number "8"; reference_id "MSTRG.11.1"; ref_gene_id "MSTRG.11"; cov "56.985416";
SIRV6	StringTie	transcript	1125	11331	1000	+	.	gene_id "STRG.11"; transcript_id "STRG.11.2"; reference_id "MSTRG.11.2"; ref_gene_id "MSTRG.11"; cov "17.637754"; FPKM "17477.451172"; TPM "23656.388672";
SIRV6	StringTie	exon	1125	1186	1000	+	.	gene_id "STRG.11"; transcript_id "STRG.11.2"; exon_number "1"; reference_id "MSTRG.11.2"; ref_gene_id "MSTRG.11"; cov "16.243883";
SIRV6	StringTie	exon	1469	1534	1000	+	.	gene_id "STRG.11"; transcript_id "STRG.11.2"; exon_number "2"; reference_id "MSTRG.11.2"; ref_gene_id "MSTRG.11"; cov "18.675722";
SIRV6	StringTie	exon	1641	1735	1000	+	.	gene_id "STRG.11"; transcript_id "STRG.11.2"; exon_number "3"; reference_id "MSTRG.11.2"; ref_gene_id "MSTRG.11"; cov "18.960159";
SIRV6	StringTie	exon	1846	2026	1000	+	.	gene_id "STRG.11"; transcript_id "STRG.11.2"; exon_number "4"; reference_id "MSTRG.11.2"; ref_gene_id "MSTRG.11"; cov "25.281309";
SIRV6	StringTie	exon	2471	2620	1000	+	.	gene_id "STRG.11"; transcript_id "STRG.11.2"; exon_number "5"; reference_id "MSTRG.11.2"; ref_gene_id "MSTRG.11"; cov "17.754688";
SIRV6	StringTie	exon	2741	2828	1000	+	.	gene_id "STRG.11"; transcript_id "STRG.11.2"; exon_number "6"; reference_id "MSTRG.11.2"; ref_gene_id "MSTRG.11"; cov "16.951553";
SIRV6	StringTie	exon	3107	3164	1000	+	.	gene_id "STRG.11"; transcript_id "STRG.11.2"; exon_number "7"; reference_id "MSTRG.11.2"; ref_gene_id "MSTRG.11"; cov "17.905529";
SIRV6	StringTie	exon	10725	10818	1000	+	.	gene_id "STRG.11"; transcript_id "STRG.11.2"; exon_number "8"; reference_id "MSTRG.11.2"; ref_gene_id "MSTRG.11"; cov "17.053587";
SIRV6	StringTie	exon	11032	11331	1000	+	.	gene_id "STRG.11"; transcript_id "STRG.11.2"; exon_number "9"; reference_id "MSTRG.11.2"; ref_gene_id "MSTRG.11"; cov "12.941188";
SIRV6	StringTie	transcript	1125	2124	1000	+	.	gene_id "STRG.11"; transcript_id "STRG.11.3"; cov "2.895520"; FPKM "2869.203613"; TPM "3883.575195";
SIRV6	StringTie	exon	1125	1186	1000	+	.	gene_id "STRG.11"; transcript_id "STRG.11.3"; exon_number "1"; cov "1.051056";
SIRV6	StringTie	exon	1469	1534	1000	+	.	gene_id "STRG.11"; transcript_id "STRG.11.3"; exon_number "2"; cov "1.208407";
SIRV6	StringTie	exon	1641	1735	1000	+	.	gene_id "STRG.11"; transcript_id "STRG.11.3"; exon_number "3"; cov "1.226812";
SIRV6	StringTie	exon	1846	2124	1000	+	.	gene_id "STRG.11"; transcript_id "STRG.11.3"; exon_number "4"; cov "4.272701";
SIRV6	StringTie	transcript	2285	11331	1000	+	.	gene_id "STRG.11"; transcript_id "STRG.11.4"; cov "13.878620"; FPKM "13752.482422"; TPM "18614.501953";
SIRV6	StringTie	exon	2285	2620	1000	+	.	gene_id "STRG.11"; transcript_id "STRG.11.4"; exon_number "1"; cov "15.848438";
SIRV6	StringTie	exon	2741	2814	1000	+	.	gene_id "STRG.11"; transcript_id "STRG.11.4"; exon_number "2"; cov "14.474644";
SIRV6	StringTie	exon	3107	3164	1000	+	.	gene_id "STRG.11"; transcript_id "STRG.11.4"; exon_number "3"; cov "15.321225";
SIRV6	StringTie	exon	10725	10818	1000	+	.	gene_id "STRG.11"; transcript_id "STRG.11.4"; exon_number "4"; cov "14.592242";
SIRV6	StringTie	exon	11032	11108	1000	+	.	gene_id "STRG.11"; transcript_id "STRG.11.4"; exon_number "5"; cov "12.684724";
SIRV6	StringTie	exon	11206	11331	1000	+	.	gene_id "STRG.11"; transcript_id "STRG.11.4"; exon_number "6"; cov "7.808898";
SIRV6	StringTie	transcript	2285	11331	1000	+	.	gene_id "STRG.11"; transcript_id "STRG.11.5"; reference_id "MSTRG.11.3"; ref_gene_id "MSTRG.11"; cov "5.535425"; FPKM "5485.115723"; TPM "7424.310547";
SIRV6	StringTie	exon	2285	2620	1000	+	.	gene_id "STRG.11"; transcript_id "STRG.11.5"; exon_number "1"; reference_id "MSTRG.11.3"; ref_gene_id "MSTRG.11"; cov "6.314646";
SIRV6	StringTie	exon	2741	2828	1000	+	.	gene_id "STRG.11"; transcript_id "STRG.11.5"; exon_number "2"; reference_id "MSTRG.11.3"; ref_gene_id "MSTRG.11"; cov "5.779342";
SIRV6	StringTie	exon	3107	3164	1000	+	.	gene_id "STRG.11"; transcript_id "STRG.11.5"; exon_number "3"; reference_id "MSTRG.11.3"; ref_gene_id "MSTRG.11"; cov "6.104584";
SIRV6	StringTie	exon	10725	10818	1000	+	.	gene_id "STRG.11"; transcript_id "STRG.11.5"; exon_number "4"; reference_id "MSTRG.11.3"; ref_gene_id "MSTRG.11"; cov "5.814129";
SIRV6	StringTie	exon	11032	11108	1000	+	.	gene_id "STRG.11"; transcript_id "STRG.11.5"; exon_number "5"; reference_id "MSTRG.11.3"; ref_gene_id "MSTRG.11"; cov "5.054097";
SIRV6	StringTie	exon	11206	11331	1000	+	.	gene_id "STRG.11"; transcript_id "STRG.11.5"; exon_number "6"; reference_id "MSTRG.11.3"; ref_gene_id "MSTRG.11"; cov "3.111375";
SIRV7	StringTie	transcript	56027	147957	1000	-	.	gene_id "STRG.12"; transcript_id "STRG.12.1"; reference_id "MSTRG.12.1"; ref_gene_id "MSTRG.12"; cov "23.541195"; FPKM "23327.238281"; TPM "31574.292969";
SIRV7	StringTie	exon	56027	56097	1000	-	.	gene_id "STRG.12"; transcript_id "STRG.12.1"; exon_number "1"; reference_id "MSTRG.12.1"; ref_gene_id "MSTRG.12"; cov "21.283054";
SIRV7	StringTie	exon	70884	70987	1000	-	.	gene_id "STRG.12"; transcript_id "STRG.12.1"; exon_number "2"; reference_id "MSTRG.12.1"; ref_gene_id "MSTRG.12"; cov "23.800579";
SIRV7	StringTie	exon	78842	78965	1000	-	.	gene_id "STRG.12"; transcript_id "STRG.12.1"; exon_number "3"; reference_id "MSTRG.12.1"; ref_gene_id "MSTRG.12"; cov "24.104088";
SIRV7	StringTie	exon	114681	114988	1000	-	.	gene_id "STRG.12"; transcript_id "STRG.12.1"; exon_number "4"; reference_id "MSTRG.12.1"; ref_gene_id "MSTRG.12"; cov "23.741383";
SIRV7	StringTie	exon	147609	147957	1000	-	.	gene_id "STRG.12"; transcript_id "STRG.12.1"; exon_number "5"; reference_id "MSTRG.12.1"; ref_gene_id "MSTRG.12"; cov "23.546625";
SIRV7	StringTie	transcript	56027	147957	1000	-	.	gene_id "STRG.12"; transcript_id "STRG.12.2"; reference_id "MSTRG.12.2"; ref_gene_id "MSTRG.12"; cov "17.512520"; FPKM "17353.355469"; TPM "23488.419922";
SIRV7	StringTie	exon	56027	56097	1000	-	.	gene_id "STRG.12"; transcript_id "STRG.12.2"; exon_number "1"; reference_id "MSTRG.12.2"; ref_gene_id "MSTRG.12"; cov "15.801454";
SIRV7	StringTie	exon	70884	70987	1000	-	.	gene_id "STRG.12"; transcript_id "STRG.12.2"; exon_number "2"; reference_id "MSTRG.12.2"; ref_gene_id "MSTRG.12"; cov "17.670574";
SIRV7	StringTie	exon	78842	78965	1000	-	.	gene_id "STRG.12"; transcript_id "STRG.12.2"; exon_number "3"; reference_id "MSTRG.12.2"; ref_gene_id "MSTRG.12"; cov "17.895912";
SIRV7	StringTie	exon	114681	114960	1000	-	.	gene_id "STRG.12"; transcript_id "STRG.12.2"; exon_number "4"; reference_id "MSTRG.12.2"; ref_gene_id "MSTRG.12"; cov "17.755909";
SIRV7	StringTie	exon	147609	147957	1000	-	.	gene_id "STRG.12"; transcript_id "STRG.12.2"; exon_number "5"; reference_id "MSTRG.12.2"; ref_gene_id "MSTRG.12"; cov "17.482027";
